<?xml version="1.0" encoding="UTF-8"?>
<!-- Generated by org.testng.reporters.JUnitReportReporter -->
<testsuite hostname="Alex" failures="0" tests="2" name="com.ww.qa.testcases.FindPageTest" time="30.635" errors="0" timestamp="2020-07-23T10:30:14 MDT" skipped="0">
  <testcase classname="com.ww.qa.testcases.FindPageTest" name="verifyFindPageTitleTest" time="12.573"/>
  <system-out/>
  <testcase classname="com.ww.qa.testcases.FindPageTest" name="searchLocationsTest" time="18.062"/>
  <system-out/>
</testsuite> <!-- com.ww.qa.testcases.FindPageTest -->
