<?xml version="1.0" encoding="UTF-8"?>
<!-- Generated by org.testng.reporters.JUnitReportReporter -->
<testsuite hostname="Alex" failures="0" tests="2" name="com.ww.qa.testcases.HomePageTest" time="25.132" errors="0" timestamp="2020-07-23T10:30:14 MDT" skipped="0">
  <testcase classname="com.ww.qa.testcases.HomePageTest" name="verifyHomePageTitleTest" time="12.654"/>
  <system-out/>
  <testcase classname="com.ww.qa.testcases.HomePageTest" name="clickOnFindPage" time="12.478"/>
  <system-out/>
</testsuite> <!-- com.ww.qa.testcases.HomePageTest -->
